<?xml version="1.0" encoding="UTF-8"?>
<testng-results ignored="0" total="1" passed="1" failed="0" skipped="0">
  <reporter-output>
  </reporter-output>
  <suite started-at="2023-03-02T18:07:47 IST" name="Default suite" finished-at="2023-03-02T18:08:07 IST" duration-ms="20055">
    <groups>
    </groups>
    <test started-at="2023-03-02T18:07:47 IST" name="Default test" finished-at="2023-03-02T18:08:07 IST" duration-ms="20055">
      <class name="InputForm.InputForm1">
        <test-method signature="TestGoogle()[pri:0, instance:InputForm.InputForm1@759d26fb]" started-at="2023-03-02T18:07:47 IST" name="TestGoogle" finished-at="2023-03-02T18:08:07 IST" duration-ms="19977" status="PASS">
          <reporter-output>
          </reporter-output>
        </test-method> <!-- TestGoogle -->
      </class> <!-- InputForm.InputForm1 -->
    </test> <!-- Default test -->
  </suite> <!-- Default suite -->
</testng-results>
